
Showing logs for build [32mcb-kubecd-environment-pr-199-97-d78xb-1[0m stage [32mfrom-build-pack[0m and container [32mstep-credential-initializer-b7nh8[0m
{"level":"warn","ts":1586709759.8103895,"logger":"fallback-logger","caller":"logging/config.go:69","msg":"Fetch GitHub commit ID from kodata failed: \"ref: refs/heads/0.8.0-**-support-backwards-incompats\" is not a valid GitHub commit ID"}
{"level":"info","ts":1586709759.811322,"logger":"fallback-logger","caller":"creds-init/main.go:40","msg":"Credentials initialized."}

Showing logs for build [32mcb-kubecd-environment-pr-199-97-d78xb-1[0m stage [32mfrom-build-pack[0m and container [32mstep-working-dir-initializer-qmtl8[0m
{"level":"warn","ts":1586709760.7828877,"logger":"fallback-logger","caller":"logging/config.go:69","msg":"Fetch GitHub commit ID from kodata failed: open /var/run/ko/HEAD: no such file or directory"}
{"level":"info","ts":1586709760.785866,"logger":"fallback-logger","caller":"bash/main.go:64","msg":"Successfully executed command \"sh -c mkdir -p /workspace/source\"; output "}

Showing logs for build [32mcb-kubecd-environment-pr-199-97-d78xb-1[0m stage [32mfrom-build-pack[0m and container [32mstep-place-tools[0m

Showing logs for build [32mcb-kubecd-environment-pr-199-97-d78xb-1[0m stage [32mfrom-build-pack[0m and container [32mstep-git-source-cb-kubecd-environment-pr-199-97-d78xb-4zrzm[0m
{"level":"warn","ts":1586709765.9391422,"logger":"fallback-logger","caller":"logging/config.go:69","msg":"Fetch GitHub commit ID from kodata failed: \"ref: refs/heads/0.8.0-**-support-backwards-incompats\" is not a valid GitHub commit ID"}
{"level":"info","ts":1586709766.9496255,"logger":"fallback-logger","caller":"git/git.go:103","msg":"Successfully cloned https://github.com/cb-kubecd/environment-pr-199-97-boot-gke-production.git @ master in path /workspace/source"}

Showing logs for build [32mcb-kubecd-environment-pr-199-97-d78xb-1[0m stage [32mfrom-build-pack[0m and container [32mstep-git-merge[0m
Using SHAs from PULL_REFS=master:c71db28bf7bc141e4bc6747131cf88de7ded9f19,1:f5bf1b5f58c10e1f969e84d903570a44bd2ec05e
DEBUG: LC_ALL=C JX_LOG_LEVEL=error git fetch origin --unshallow f5bf1b5f58c10e1f969e84d903570a44bd2ec05e: c71db28bf7bc141e4bc6747131cf88de7ded9f19:
DEBUG: ran git fetch --unshallow origin f5bf1b5f58c10e1f969e84d903570a44bd2ec05e: c71db28bf7bc141e4bc6747131cf88de7ded9f19: in 
DEBUG: LC_ALL=C JX_LOG_LEVEL=error git branch
DEBUG: LC_ALL=C JX_LOG_LEVEL=error git checkout master
DEBUG: ran git checkout master in 
DEBUG: LC_ALL=C JX_LOG_LEVEL=error git reset --hard c71db28bf7bc141e4bc6747131cf88de7ded9f19
DEBUG: ran git reset --hard c71db28bf7bc141e4bc6747131cf88de7ded9f19 in 
DEBUG: JX_LOG_LEVEL=error LC_ALL=C git clean -fd .
DEBUG: ran clean --force -d . in 
DEBUG: LC_ALL=C JX_LOG_LEVEL=error git merge f5bf1b5f58c10e1f969e84d903570a44bd2ec05e
DEBUG: ran git merge f5bf1b5f58c10e1f969e84d903570a44bd2ec05e in 
DEBUG: LC_ALL=C JX_LOG_LEVEL=error git log --format=%H%x1f%an%x1f%ae%x1f%cn%x1f%ce%x1f%s%n%b%x1e c71db28bf7bc141e4bc6747131cf88de7ded9f19..HEAD
Merged SHA f5bf1b5f58c10e1f969e84d903570a44bd2ec05e with commit message 'chore: Promote bdd-spring-1586708747 to version 0.0.1' into base branch master

Showing logs for build [32mcb-kubecd-environment-pr-199-97-d78xb-1[0m stage [32mfrom-build-pack[0m and container [32mstep-build-helm-build[0m
WARNING: No $CHART_REPOSITORY defined so using the default value of: http://jenkins-x-chartmuseum:8080
Adding missing Helm repo: storage.googleapis.com https://storage.googleapis.com/chartmuseum.jenkins-x.io
WARNING: No secrets found on "helm/repos" due: reading the secret "helm/repos" from vault: no secret "helm/repos" not found in vault
Read credentials for https://storage.googleapis.com/chartmuseum.jenkins-x.io from vault helm/repos
Successfully added Helm repository storage.googleapis.com.
Adding missing Helm repo: jenkins-x-chartmuseum http://jenkins-x-chartmuseum:8080
WARNING: No secrets found on "helm/repos" due: reading the secret "helm/repos" from vault: no secret "helm/repos" not found in vault
Read credentials for http://jenkins-x-chartmuseum:8080 from vault helm/repos
Successfully added Helm repository jenkins-x-chartmuseum.
WARNING: No $CHART_REPOSITORY defined so using the default value of: http://jenkins-x-chartmuseum:8080
Adding missing Helm repo: chartmuseum.jenkins-x.io http://chartmuseum.jenkins-x.io
WARNING: No secrets found on "helm/repos" due: reading the secret "helm/repos" from vault: no secret "helm/repos" not found in vault
Read credentials for http://chartmuseum.jenkins-x.io from vault helm/repos
Successfully added Helm repository chartmuseum.jenkins-x.io.
